[INFO  - 2018-01-30T03:01:15.977Z] GhostDriver - Main - running on port 58536
[INFO  - 2018-01-30T03:01:16.527Z] Session [d69eb3b0-0569-11e8-9000-634804cd4d8d] - page.settings - {"XSSAuditingEnabled":false,"javascriptCanCloseWindows":true,"javascriptCanOpenWindows":true,"javascriptEnabled":true,"loadImages":true,"localToRemoteUrlAccessEnabled":false,"userAgent":"Mozilla/5.0 (Unknown; Linux x86_64) AppleWebKit/538.1 (KHTML, like Gecko) PhantomJS/2.1.1 Safari/538.1","webSecurityEnabled":true}
[INFO  - 2018-01-30T03:01:16.528Z] Session [d69eb3b0-0569-11e8-9000-634804cd4d8d] - page.customHeaders:  - {}
[INFO  - 2018-01-30T03:01:16.528Z] Session [d69eb3b0-0569-11e8-9000-634804cd4d8d] - Session.negotiatedCapabilities - {"browserName":"phantomjs","version":"2.1.1","driverName":"ghostdriver","driverVersion":"1.2.0","platform":"linux-unknown-64bit","javascriptEnabled":true,"takesScreenshot":true,"handlesAlerts":false,"databaseEnabled":false,"locationContextEnabled":false,"applicationCacheEnabled":false,"browserConnectionEnabled":false,"cssSelectorsEnabled":true,"webStorageEnabled":false,"rotatable":false,"acceptSslCerts":false,"nativeEvents":true,"proxy":{"proxyType":"direct"}}
[INFO  - 2018-01-30T03:01:16.528Z] SessionManagerReqHand - _postNewSessionCommand - New Session Created: d69eb3b0-0569-11e8-9000-634804cd4d8d
[ERROR - 2018-01-30T03:01:52.661Z] Session [d69eb3b0-0569-11e8-9000-634804cd4d8d] - page.onError - msg: Unhandled promise rejection Error: JSONP request to //fragment.tmall.com/malldetail/detaildesc_h5?wh_callback=true&wh_cat=50008056& error

  phantomjs://platform/console++.js:263 in error
[ERROR - 2018-01-30T03:01:52.661Z] Session [d69eb3b0-0569-11e8-9000-634804cd4d8d] - page.onError - stack:
  (anonymous function) (https://g.alicdn.com/??mui/feloader/4.0.39/feloader-min.js,tm/detail-b/4.0.50/common/js/mod-config.js,mui/babel-polyfill/6.2.6/index.js,tm/detail-b/4.0.50/common/js/bat4-0-35.js,mui/tes/4.2.18/index.js,mui/hybrid/4.2.24/index.js,mui/mtb-windvane/4.0.3/index.js,mui/mtop/4.1.7/index.js,tm/detail-b/4.0.50/seed.js,mui/zepto/4.0.9/zepto.js,tm/detail-b/4.0.50/mods/head/index.js,tm/detail-b/4.0.50/widgets/md5/index.js,mui/cookie/4.1.0/index.js,mui/zepto/4.0.9/event.js,tm/detail-b/4.0.50/widgets/tool.js,mui/datalazyload/4.0.21/index.js,tm/detail-b/4.0.50/widgets/atp/index.js,tm/detail-b/4.0.50/mods/p-summary/index.js,tm/detail-b/4.0.50/mods/module-preview/index.js,tm/detail-b/4.0.50/mods/module-preview/part.xtpl.js,tm/detail-b/4.0.50/mods/module-jhs/index.js,tm/detail-b/4.0.50/mods/module-jhs/part.xtpl.js,tm/detail-b/4.0.50/mods/module-focus/index.js,tm/detail-b/4.0.50/mods/module-focus/part.xtpl.js,tm/detail-b/4.0.50/mods/module-from/index.js,tm/detail-b/4.0.50/mods/module-from/part.xtpl.js,tm/detail-b/4.0.50/mods/module-title/index.js,tm/detail-b/4.0.50/mods/module-title/part.xtpl.js,tm/detail-b/4.0.50/mods/module-price/index.js,tm/detail-b/4.0.50/mods/module-price/part.xtpl.js,tm/detail-b/4.0.50/mods/module-adds/index.js,tm/detail-b/4.0.50/mods/module-adds/part.xtpl.js,tm/detail-b/4.0.50/mods/module-atmosphere/index.js,tm/detail-b/4.0.50/mods/module-atmosphere/part.xtpl.js,tm/detail-b/4.0.50/mods/module-coupon/index.js,tm/detail-b/4.0.50/mods/module-coupon/part.xtpl.js,tm/detail-b/4.0.50/mods/module-prom/index.js,tm/detail-b/4.0.50/mods/module-prom/part.xtpl.js,tm/detail-b/4.0.50/mods/module-advantage/index.js,tm/detail-b/4.0.50/mods/module-advantage/part.xtpl.js:2)

  phantomjs://platform/console++.js:263 in error
[ERROR - 2018-01-30T03:01:52.662Z] Session [d69eb3b0-0569-11e8-9000-634804cd4d8d] - page.onError - msg: Unhandled promise rejection Error: JSONP request to //fragment.tmall.com/malldetail/detaildesc_h5?wh_callback=true&wh_cat=50008056& error

  phantomjs://platform/console++.js:263 in error
[ERROR - 2018-01-30T03:01:52.662Z] Session [d69eb3b0-0569-11e8-9000-634804cd4d8d] - page.onError - stack:
  (anonymous function) (https://g.alicdn.com/??mui/feloader/4.0.39/feloader-min.js,tm/detail-b/4.0.50/common/js/mod-config.js,mui/babel-polyfill/6.2.6/index.js,tm/detail-b/4.0.50/common/js/bat4-0-35.js,mui/tes/4.2.18/index.js,mui/hybrid/4.2.24/index.js,mui/mtb-windvane/4.0.3/index.js,mui/mtop/4.1.7/index.js,tm/detail-b/4.0.50/seed.js,mui/zepto/4.0.9/zepto.js,tm/detail-b/4.0.50/mods/head/index.js,tm/detail-b/4.0.50/widgets/md5/index.js,mui/cookie/4.1.0/index.js,mui/zepto/4.0.9/event.js,tm/detail-b/4.0.50/widgets/tool.js,mui/datalazyload/4.0.21/index.js,tm/detail-b/4.0.50/widgets/atp/index.js,tm/detail-b/4.0.50/mods/p-summary/index.js,tm/detail-b/4.0.50/mods/module-preview/index.js,tm/detail-b/4.0.50/mods/module-preview/part.xtpl.js,tm/detail-b/4.0.50/mods/module-jhs/index.js,tm/detail-b/4.0.50/mods/module-jhs/part.xtpl.js,tm/detail-b/4.0.50/mods/module-focus/index.js,tm/detail-b/4.0.50/mods/module-focus/part.xtpl.js,tm/detail-b/4.0.50/mods/module-from/index.js,tm/detail-b/4.0.50/mods/module-from/part.xtpl.js,tm/detail-b/4.0.50/mods/module-title/index.js,tm/detail-b/4.0.50/mods/module-title/part.xtpl.js,tm/detail-b/4.0.50/mods/module-price/index.js,tm/detail-b/4.0.50/mods/module-price/part.xtpl.js,tm/detail-b/4.0.50/mods/module-adds/index.js,tm/detail-b/4.0.50/mods/module-adds/part.xtpl.js,tm/detail-b/4.0.50/mods/module-atmosphere/index.js,tm/detail-b/4.0.50/mods/module-atmosphere/part.xtpl.js,tm/detail-b/4.0.50/mods/module-coupon/index.js,tm/detail-b/4.0.50/mods/module-coupon/part.xtpl.js,tm/detail-b/4.0.50/mods/module-prom/index.js,tm/detail-b/4.0.50/mods/module-prom/part.xtpl.js,tm/detail-b/4.0.50/mods/module-advantage/index.js,tm/detail-b/4.0.50/mods/module-advantage/part.xtpl.js:2)

  phantomjs://platform/console++.js:263 in error
[ERROR - 2018-01-30T03:01:52.662Z] Session [d69eb3b0-0569-11e8-9000-634804cd4d8d] - page.onError - msg: Unhandled promise rejection Error: JSONP request to //fragment.tmall.com/malldetail/detaildesc_h5?wh_callback=true&wh_cat=50008056& error

  phantomjs://platform/console++.js:263 in error
[ERROR - 2018-01-30T03:01:52.662Z] Session [d69eb3b0-0569-11e8-9000-634804cd4d8d] - page.onError - stack:
  (anonymous function) (https://g.alicdn.com/??mui/feloader/4.0.39/feloader-min.js,tm/detail-b/4.0.50/common/js/mod-config.js,mui/babel-polyfill/6.2.6/index.js,tm/detail-b/4.0.50/common/js/bat4-0-35.js,mui/tes/4.2.18/index.js,mui/hybrid/4.2.24/index.js,mui/mtb-windvane/4.0.3/index.js,mui/mtop/4.1.7/index.js,tm/detail-b/4.0.50/seed.js,mui/zepto/4.0.9/zepto.js,tm/detail-b/4.0.50/mods/head/index.js,tm/detail-b/4.0.50/widgets/md5/index.js,mui/cookie/4.1.0/index.js,mui/zepto/4.0.9/event.js,tm/detail-b/4.0.50/widgets/tool.js,mui/datalazyload/4.0.21/index.js,tm/detail-b/4.0.50/widgets/atp/index.js,tm/detail-b/4.0.50/mods/p-summary/index.js,tm/detail-b/4.0.50/mods/module-preview/index.js,tm/detail-b/4.0.50/mods/module-preview/part.xtpl.js,tm/detail-b/4.0.50/mods/module-jhs/index.js,tm/detail-b/4.0.50/mods/module-jhs/part.xtpl.js,tm/detail-b/4.0.50/mods/module-focus/index.js,tm/detail-b/4.0.50/mods/module-focus/part.xtpl.js,tm/detail-b/4.0.50/mods/module-from/index.js,tm/detail-b/4.0.50/mods/module-from/part.xtpl.js,tm/detail-b/4.0.50/mods/module-title/index.js,tm/detail-b/4.0.50/mods/module-title/part.xtpl.js,tm/detail-b/4.0.50/mods/module-price/index.js,tm/detail-b/4.0.50/mods/module-price/part.xtpl.js,tm/detail-b/4.0.50/mods/module-adds/index.js,tm/detail-b/4.0.50/mods/module-adds/part.xtpl.js,tm/detail-b/4.0.50/mods/module-atmosphere/index.js,tm/detail-b/4.0.50/mods/module-atmosphere/part.xtpl.js,tm/detail-b/4.0.50/mods/module-coupon/index.js,tm/detail-b/4.0.50/mods/module-coupon/part.xtpl.js,tm/detail-b/4.0.50/mods/module-prom/index.js,tm/detail-b/4.0.50/mods/module-prom/part.xtpl.js,tm/detail-b/4.0.50/mods/module-advantage/index.js,tm/detail-b/4.0.50/mods/module-advantage/part.xtpl.js:2)

  phantomjs://platform/console++.js:263 in error
[ERROR - 2018-01-30T03:01:53.321Z] Session [d69eb3b0-0569-11e8-9000-634804cd4d8d] - page.onError - msg: Unhandled promise rejection Error: JSONP request to //fragment.tmall.com/malldetail/detaildesc_h5?wh_callback=true&wh_cat=50008056& error

  phantomjs://platform/console++.js:263 in error
[ERROR - 2018-01-30T03:01:53.321Z] Session [d69eb3b0-0569-11e8-9000-634804cd4d8d] - page.onError - stack:
  (anonymous function) (https://g.alicdn.com/??mui/feloader/4.0.39/feloader-min.js,tm/detail-b/4.0.50/common/js/mod-config.js,mui/babel-polyfill/6.2.6/index.js,tm/detail-b/4.0.50/common/js/bat4-0-35.js,mui/tes/4.2.18/index.js,mui/hybrid/4.2.24/index.js,mui/mtb-windvane/4.0.3/index.js,mui/mtop/4.1.7/index.js,tm/detail-b/4.0.50/seed.js,mui/zepto/4.0.9/zepto.js,tm/detail-b/4.0.50/mods/head/index.js,tm/detail-b/4.0.50/widgets/md5/index.js,mui/cookie/4.1.0/index.js,mui/zepto/4.0.9/event.js,tm/detail-b/4.0.50/widgets/tool.js,mui/datalazyload/4.0.21/index.js,tm/detail-b/4.0.50/widgets/atp/index.js,tm/detail-b/4.0.50/mods/p-summary/index.js,tm/detail-b/4.0.50/mods/module-preview/index.js,tm/detail-b/4.0.50/mods/module-preview/part.xtpl.js,tm/detail-b/4.0.50/mods/module-jhs/index.js,tm/detail-b/4.0.50/mods/module-jhs/part.xtpl.js,tm/detail-b/4.0.50/mods/module-focus/index.js,tm/detail-b/4.0.50/mods/module-focus/part.xtpl.js,tm/detail-b/4.0.50/mods/module-from/index.js,tm/detail-b/4.0.50/mods/module-from/part.xtpl.js,tm/detail-b/4.0.50/mods/module-title/index.js,tm/detail-b/4.0.50/mods/module-title/part.xtpl.js,tm/detail-b/4.0.50/mods/module-price/index.js,tm/detail-b/4.0.50/mods/module-price/part.xtpl.js,tm/detail-b/4.0.50/mods/module-adds/index.js,tm/detail-b/4.0.50/mods/module-adds/part.xtpl.js,tm/detail-b/4.0.50/mods/module-atmosphere/index.js,tm/detail-b/4.0.50/mods/module-atmosphere/part.xtpl.js,tm/detail-b/4.0.50/mods/module-coupon/index.js,tm/detail-b/4.0.50/mods/module-coupon/part.xtpl.js,tm/detail-b/4.0.50/mods/module-prom/index.js,tm/detail-b/4.0.50/mods/module-prom/part.xtpl.js,tm/detail-b/4.0.50/mods/module-advantage/index.js,tm/detail-b/4.0.50/mods/module-advantage/part.xtpl.js:2)

  phantomjs://platform/console++.js:263 in error
[ERROR - 2018-01-30T03:01:53.321Z] Session [d69eb3b0-0569-11e8-9000-634804cd4d8d] - page.onError - msg: Unhandled promise rejection Error: JSONP request to //fragment.tmall.com/malldetail/detaildesc_h5?wh_callback=true&wh_cat=50008056& error

  phantomjs://platform/console++.js:263 in error
[ERROR - 2018-01-30T03:01:53.321Z] Session [d69eb3b0-0569-11e8-9000-634804cd4d8d] - page.onError - stack:
  (anonymous function) (https://g.alicdn.com/??mui/feloader/4.0.39/feloader-min.js,tm/detail-b/4.0.50/common/js/mod-config.js,mui/babel-polyfill/6.2.6/index.js,tm/detail-b/4.0.50/common/js/bat4-0-35.js,mui/tes/4.2.18/index.js,mui/hybrid/4.2.24/index.js,mui/mtb-windvane/4.0.3/index.js,mui/mtop/4.1.7/index.js,tm/detail-b/4.0.50/seed.js,mui/zepto/4.0.9/zepto.js,tm/detail-b/4.0.50/mods/head/index.js,tm/detail-b/4.0.50/widgets/md5/index.js,mui/cookie/4.1.0/index.js,mui/zepto/4.0.9/event.js,tm/detail-b/4.0.50/widgets/tool.js,mui/datalazyload/4.0.21/index.js,tm/detail-b/4.0.50/widgets/atp/index.js,tm/detail-b/4.0.50/mods/p-summary/index.js,tm/detail-b/4.0.50/mods/module-preview/index.js,tm/detail-b/4.0.50/mods/module-preview/part.xtpl.js,tm/detail-b/4.0.50/mods/module-jhs/index.js,tm/detail-b/4.0.50/mods/module-jhs/part.xtpl.js,tm/detail-b/4.0.50/mods/module-focus/index.js,tm/detail-b/4.0.50/mods/module-focus/part.xtpl.js,tm/detail-b/4.0.50/mods/module-from/index.js,tm/detail-b/4.0.50/mods/module-from/part.xtpl.js,tm/detail-b/4.0.50/mods/module-title/index.js,tm/detail-b/4.0.50/mods/module-title/part.xtpl.js,tm/detail-b/4.0.50/mods/module-price/index.js,tm/detail-b/4.0.50/mods/module-price/part.xtpl.js,tm/detail-b/4.0.50/mods/module-adds/index.js,tm/detail-b/4.0.50/mods/module-adds/part.xtpl.js,tm/detail-b/4.0.50/mods/module-atmosphere/index.js,tm/detail-b/4.0.50/mods/module-atmosphere/part.xtpl.js,tm/detail-b/4.0.50/mods/module-coupon/index.js,tm/detail-b/4.0.50/mods/module-coupon/part.xtpl.js,tm/detail-b/4.0.50/mods/module-prom/index.js,tm/detail-b/4.0.50/mods/module-prom/part.xtpl.js,tm/detail-b/4.0.50/mods/module-advantage/index.js,tm/detail-b/4.0.50/mods/module-advantage/part.xtpl.js:2)

  phantomjs://platform/console++.js:263 in error
[ERROR - 2018-01-30T03:01:53.321Z] Session [d69eb3b0-0569-11e8-9000-634804cd4d8d] - page.onError - msg: Unhandled promise rejection Error: JSONP request to //fragment.tmall.com/malldetail/detaildesc_h5?wh_callback=true&wh_cat=50008056& error

  phantomjs://platform/console++.js:263 in error
[ERROR - 2018-01-30T03:01:53.321Z] Session [d69eb3b0-0569-11e8-9000-634804cd4d8d] - page.onError - stack:
  (anonymous function) (https://g.alicdn.com/??mui/feloader/4.0.39/feloader-min.js,tm/detail-b/4.0.50/common/js/mod-config.js,mui/babel-polyfill/6.2.6/index.js,tm/detail-b/4.0.50/common/js/bat4-0-35.js,mui/tes/4.2.18/index.js,mui/hybrid/4.2.24/index.js,mui/mtb-windvane/4.0.3/index.js,mui/mtop/4.1.7/index.js,tm/detail-b/4.0.50/seed.js,mui/zepto/4.0.9/zepto.js,tm/detail-b/4.0.50/mods/head/index.js,tm/detail-b/4.0.50/widgets/md5/index.js,mui/cookie/4.1.0/index.js,mui/zepto/4.0.9/event.js,tm/detail-b/4.0.50/widgets/tool.js,mui/datalazyload/4.0.21/index.js,tm/detail-b/4.0.50/widgets/atp/index.js,tm/detail-b/4.0.50/mods/p-summary/index.js,tm/detail-b/4.0.50/mods/module-preview/index.js,tm/detail-b/4.0.50/mods/module-preview/part.xtpl.js,tm/detail-b/4.0.50/mods/module-jhs/index.js,tm/detail-b/4.0.50/mods/module-jhs/part.xtpl.js,tm/detail-b/4.0.50/mods/module-focus/index.js,tm/detail-b/4.0.50/mods/module-focus/part.xtpl.js,tm/detail-b/4.0.50/mods/module-from/index.js,tm/detail-b/4.0.50/mods/module-from/part.xtpl.js,tm/detail-b/4.0.50/mods/module-title/index.js,tm/detail-b/4.0.50/mods/module-title/part.xtpl.js,tm/detail-b/4.0.50/mods/module-price/index.js,tm/detail-b/4.0.50/mods/module-price/part.xtpl.js,tm/detail-b/4.0.50/mods/module-adds/index.js,tm/detail-b/4.0.50/mods/module-adds/part.xtpl.js,tm/detail-b/4.0.50/mods/module-atmosphere/index.js,tm/detail-b/4.0.50/mods/module-atmosphere/part.xtpl.js,tm/detail-b/4.0.50/mods/module-coupon/index.js,tm/detail-b/4.0.50/mods/module-coupon/part.xtpl.js,tm/detail-b/4.0.50/mods/module-prom/index.js,tm/detail-b/4.0.50/mods/module-prom/part.xtpl.js,tm/detail-b/4.0.50/mods/module-advantage/index.js,tm/detail-b/4.0.50/mods/module-advantage/part.xtpl.js:2)

  phantomjs://platform/console++.js:263 in error
[INFO  - 2018-01-30T03:06:16.891Z] SessionManagerReqHand - _cleanupWindowlessSessions - Asynchronous Sessions clean-up phase starting NOW
[INFO  - 2018-01-30T03:11:16.891Z] SessionManagerReqHand - _cleanupWindowlessSessions - Asynchronous Sessions clean-up phase starting NOW
[INFO  - 2018-01-30T03:16:16.891Z] SessionManagerReqHand - _cleanupWindowlessSessions - Asynchronous Sessions clean-up phase starting NOW
[INFO  - 2018-01-30T03:21:16.892Z] SessionManagerReqHand - _cleanupWindowlessSessions - Asynchronous Sessions clean-up phase starting NOW
[INFO  - 2018-01-30T03:26:16.892Z] SessionManagerReqHand - _cleanupWindowlessSessions - Asynchronous Sessions clean-up phase starting NOW
[INFO  - 2018-01-30T03:31:16.893Z] SessionManagerReqHand - _cleanupWindowlessSessions - Asynchronous Sessions clean-up phase starting NOW
[INFO  - 2018-01-30T03:36:16.894Z] SessionManagerReqHand - _cleanupWindowlessSessions - Asynchronous Sessions clean-up phase starting NOW
[INFO  - 2018-01-30T03:41:16.894Z] SessionManagerReqHand - _cleanupWindowlessSessions - Asynchronous Sessions clean-up phase starting NOW
[INFO  - 2018-01-30T03:46:16.895Z] SessionManagerReqHand - _cleanupWindowlessSessions - Asynchronous Sessions clean-up phase starting NOW
[INFO  - 2018-01-30T03:51:16.896Z] SessionManagerReqHand - _cleanupWindowlessSessions - Asynchronous Sessions clean-up phase starting NOW
[INFO  - 2018-01-30T03:56:16.896Z] SessionManagerReqHand - _cleanupWindowlessSessions - Asynchronous Sessions clean-up phase starting NOW
[INFO  - 2018-01-30T04:01:16.896Z] SessionManagerReqHand - _cleanupWindowlessSessions - Asynchronous Sessions clean-up phase starting NOW
[INFO  - 2018-01-30T04:06:16.897Z] SessionManagerReqHand - _cleanupWindowlessSessions - Asynchronous Sessions clean-up phase starting NOW
[INFO  - 2018-01-30T04:11:16.897Z] SessionManagerReqHand - _cleanupWindowlessSessions - Asynchronous Sessions clean-up phase starting NOW
[INFO  - 2018-01-30T04:16:16.897Z] SessionManagerReqHand - _cleanupWindowlessSessions - Asynchronous Sessions clean-up phase starting NOW
[INFO  - 2018-01-30T04:21:16.898Z] SessionManagerReqHand - _cleanupWindowlessSessions - Asynchronous Sessions clean-up phase starting NOW
[INFO  - 2018-01-30T04:26:16.898Z] SessionManagerReqHand - _cleanupWindowlessSessions - Asynchronous Sessions clean-up phase starting NOW
[INFO  - 2018-01-30T04:31:16.899Z] SessionManagerReqHand - _cleanupWindowlessSessions - Asynchronous Sessions clean-up phase starting NOW
[INFO  - 2018-01-30T04:36:16.899Z] SessionManagerReqHand - _cleanupWindowlessSessions - Asynchronous Sessions clean-up phase starting NOW
[INFO  - 2018-01-30T04:41:16.900Z] SessionManagerReqHand - _cleanupWindowlessSessions - Asynchronous Sessions clean-up phase starting NOW
[INFO  - 2018-01-30T04:46:16.900Z] SessionManagerReqHand - _cleanupWindowlessSessions - Asynchronous Sessions clean-up phase starting NOW
[INFO  - 2018-01-30T04:51:16.900Z] SessionManagerReqHand - _cleanupWindowlessSessions - Asynchronous Sessions clean-up phase starting NOW
[INFO  - 2018-01-30T04:56:16.900Z] SessionManagerReqHand - _cleanupWindowlessSessions - Asynchronous Sessions clean-up phase starting NOW
[INFO  - 2018-01-30T05:01:16.901Z] SessionManagerReqHand - _cleanupWindowlessSessions - Asynchronous Sessions clean-up phase starting NOW
[INFO  - 2018-01-30T05:06:16.901Z] SessionManagerReqHand - _cleanupWindowlessSessions - Asynchronous Sessions clean-up phase starting NOW
[INFO  - 2018-01-30T05:11:16.901Z] SessionManagerReqHand - _cleanupWindowlessSessions - Asynchronous Sessions clean-up phase starting NOW
